{"/home/andreas/work/unexpected-image/lib/unexpectedImage.js":{"path":"/home/andreas/work/unexpected-image/lib/unexpectedImage.js","s":{"1":1,"2":1,"3":1,"4":2,"5":2,"6":9,"7":9,"8":9,"9":9,"10":7,"11":7,"12":7,"13":1,"14":9,"15":9,"16":9,"17":9,"18":1,"19":8,"20":8,"21":8,"22":8,"23":8,"24":8,"25":8,"26":8,"27":8,"28":8},"b":{"1":[7,2],"2":[1,6],"3":[1,8],"4":[8,0]},"f":{"1":2,"2":9,"3":9,"4":9,"5":8,"6":8},"fnMap":{"1":{"name":"(anonymous_1)","line":12,"loc":{"start":{"line":12,"column":17},"end":{"line":12,"column":35}}},"2":{"name":"(anonymous_2)","line":15,"loc":{"start":{"line":15,"column":81},"end":{"line":15,"column":108}}},"3":{"name":"(anonymous_3)","line":31,"loc":{"start":{"line":31,"column":34},"end":{"line":31,"column":61}}},"4":{"name":"(anonymous_4)","line":32,"loc":{"start":{"line":32,"column":37},"end":{"line":32,"column":62}}},"5":{"name":"(anonymous_5)","line":41,"loc":{"start":{"line":41,"column":49},"end":{"line":41,"column":61}}},"6":{"name":"(anonymous_6)","line":46,"loc":{"start":{"line":46,"column":46},"end":{"line":46,"column":58}}}},"statementMap":{"1":{"start":{"line":1,"column":0},"end":{"line":1,"column":23}},"2":{"start":{"line":3,"column":0},"end":{"line":8,"column":2}},"3":{"start":{"line":10,"column":0},"end":{"line":55,"column":2}},"4":{"start":{"line":13,"column":8},"end":{"line":13,"column":56}},"5":{"start":{"line":15,"column":8},"end":{"line":53,"column":11}},"6":{"start":{"line":16,"column":12},"end":{"line":16,"column":69}},"7":{"start":{"line":17,"column":12},"end":{"line":17,"column":38}},"8":{"start":{"line":19,"column":12},"end":{"line":19,"column":27}},"9":{"start":{"line":21,"column":12},"end":{"line":27,"column":13}},"10":{"start":{"line":22,"column":16},"end":{"line":22,"column":37}},"11":{"start":{"line":23,"column":16},"end":{"line":23,"column":77}},"12":{"start":{"line":24,"column":16},"end":{"line":26,"column":17}},"13":{"start":{"line":25,"column":20},"end":{"line":25,"column":68}},"14":{"start":{"line":29,"column":12},"end":{"line":29,"column":28}},"15":{"start":{"line":31,"column":12},"end":{"line":52,"column":15}},"16":{"start":{"line":32,"column":16},"end":{"line":51,"column":19}},"17":{"start":{"line":33,"column":20},"end":{"line":50,"column":21}},"18":{"start":{"line":34,"column":24},"end":{"line":34,"column":43}},"19":{"start":{"line":36,"column":24},"end":{"line":36,"column":56}},"20":{"start":{"line":37,"column":24},"end":{"line":37,"column":61}},"21":{"start":{"line":38,"column":24},"end":{"line":38,"column":51}},"22":{"start":{"line":39,"column":24},"end":{"line":39,"column":93}},"23":{"start":{"line":40,"column":24},"end":{"line":44,"column":25}},"24":{"start":{"line":41,"column":28},"end":{"line":43,"column":30}},"25":{"start":{"line":42,"column":32},"end":{"line":42,"column":116}},"26":{"start":{"line":46,"column":24},"end":{"line":49,"column":56}},"27":{"start":{"line":47,"column":28},"end":{"line":47,"column":55}},"28":{"start":{"line":48,"column":28},"end":{"line":48,"column":110}}},"branchMap":{"1":{"line":21,"type":"if","locations":[{"start":{"line":21,"column":12},"end":{"line":21,"column":12}},{"start":{"line":21,"column":12},"end":{"line":21,"column":12}}]},"2":{"line":24,"type":"if","locations":[{"start":{"line":24,"column":16},"end":{"line":24,"column":16}},{"start":{"line":24,"column":16},"end":{"line":24,"column":16}}]},"3":{"line":33,"type":"if","locations":[{"start":{"line":33,"column":20},"end":{"line":33,"column":20}},{"start":{"line":33,"column":20},"end":{"line":33,"column":20}}]},"4":{"line":40,"type":"if","locations":[{"start":{"line":40,"column":24},"end":{"line":40,"column":24}},{"start":{"line":40,"column":24},"end":{"line":40,"column":24}}]}}}}