TN:
SF:/home/andreas/work/unexpected-image/lib/unexpectedImage.js
FN:12,(anonymous_1)
FN:15,(anonymous_2)
FN:31,(anonymous_3)
FN:32,(anonymous_4)
FN:41,(anonymous_5)
FN:46,(anonymous_6)
FNF:6
FNH:6
FNDA:2,(anonymous_1)
FNDA:9,(anonymous_2)
FNDA:9,(anonymous_3)
FNDA:9,(anonymous_4)
FNDA:8,(anonymous_5)
FNDA:8,(anonymous_6)
DA:1,1
DA:3,1
DA:10,1
DA:13,2
DA:15,2
DA:16,9
DA:17,9
DA:19,9
DA:21,9
DA:22,7
DA:23,7
DA:24,7
DA:25,1
DA:29,9
DA:31,9
DA:32,9
DA:33,9
DA:34,1
DA:36,8
DA:37,8
DA:38,8
DA:39,8
DA:40,8
DA:41,8
DA:42,8
DA:46,8
DA:47,8
DA:48,8
LF:28
LH:28
BRDA:21,1,0,7
BRDA:21,1,1,2
BRDA:24,2,0,1
BRDA:24,2,1,6
BRDA:33,3,0,1
BRDA:33,3,1,8
BRDA:40,4,0,8
BRDA:40,4,1,0
BRF:8
BRH:7
end_of_record
